\BOOKMARK [0][-]{chapter.1}{\376\377\0001\000\040\000H\000i\000e\000r\000a\000r\000c\000h\000i\000c\000a\000l\000\040\000I\000n\000d\000e\000x}{}% 1
\BOOKMARK [1][-]{section.1.1}{\376\377\0001\000.\0001\000\040\000C\000l\000a\000s\000s\000\040\000H\000i\000e\000r\000a\000r\000c\000h\000y}{chapter.1}% 2
\BOOKMARK [0][-]{chapter.2}{\376\377\0002\000\040\000C\000l\000a\000s\000s\000\040\000I\000n\000d\000e\000x}{}% 3
\BOOKMARK [1][-]{section.2.1}{\376\377\0002\000.\0001\000\040\000C\000l\000a\000s\000s\000\040\000L\000i\000s\000t}{chapter.2}% 4
\BOOKMARK [0][-]{chapter.3}{\376\377\0003\000\040\000F\000i\000l\000e\000\040\000I\000n\000d\000e\000x}{}% 5
\BOOKMARK [1][-]{section.3.1}{\376\377\0003\000.\0001\000\040\000F\000i\000l\000e\000\040\000L\000i\000s\000t}{chapter.3}% 6
\BOOKMARK [0][-]{chapter.4}{\376\377\0004\000\040\000C\000l\000a\000s\000s\000\040\000D\000o\000c\000u\000m\000e\000n\000t\000a\000t\000i\000o\000n}{}% 7
\BOOKMARK [1][-]{section.4.1}{\376\377\0004\000.\0001\000\040\000C\000o\000f\000f\000e\000e\000M\000a\000c\000h\000i\000n\000e\000\040\000C\000l\000a\000s\000s\000\040\000R\000e\000f\000e\000r\000e\000n\000c\000e}{chapter.4}% 8
\BOOKMARK [2][-]{subsection.4.1.1}{\376\377\0004\000.\0001\000.\0001\000\040\000D\000e\000t\000a\000i\000l\000e\000d\000\040\000D\000e\000s\000c\000r\000i\000p\000t\000i\000o\000n}{section.4.1}% 9
\BOOKMARK [2][-]{subsection.4.1.2}{\376\377\0004\000.\0001\000.\0002\000\040\000M\000e\000m\000b\000e\000r\000\040\000F\000u\000n\000c\000t\000i\000o\000n\000\040\000D\000o\000c\000u\000m\000e\000n\000t\000a\000t\000i\000o\000n}{section.4.1}% 10
\BOOKMARK [3][-]{subsubsection.4.1.2.1}{\376\377\0004\000.\0001\000.\0002\000.\0001\000\040\000d\000i\000s\000p\000l\000a\000y\000T\000y\000p\000e\000\050\000\051}{subsection.4.1.2}% 11
\BOOKMARK [1][-]{section.4.2}{\376\377\0004\000.\0002\000\040\000C\000u\000s\000t\000o\000m\000O\000u\000t\000p\000u\000t\000S\000t\000r\000e\000a\000m\000\040\000C\000l\000a\000s\000s\000\040\000R\000e\000f\000e\000r\000e\000n\000c\000e}{chapter.4}% 12
\BOOKMARK [2][-]{subsection.4.2.1}{\376\377\0004\000.\0002\000.\0001\000\040\000D\000e\000t\000a\000i\000l\000e\000d\000\040\000D\000e\000s\000c\000r\000i\000p\000t\000i\000o\000n}{section.4.2}% 13
\BOOKMARK [1][-]{section.4.3}{\376\377\0004\000.\0003\000\040\000C\000u\000s\000t\000o\000m\000S\000t\000r\000e\000a\000m\000B\000u\000f\000f\000e\000r\000\040\000C\000l\000a\000s\000s\000\040\000R\000e\000f\000e\000r\000e\000n\000c\000e}{chapter.4}% 14
\BOOKMARK [2][-]{subsection.4.3.1}{\376\377\0004\000.\0003\000.\0001\000\040\000D\000e\000t\000a\000i\000l\000e\000d\000\040\000D\000e\000s\000c\000r\000i\000p\000t\000i\000o\000n}{section.4.3}% 15
\BOOKMARK [1][-]{section.4.4}{\376\377\0004\000.\0004\000\040\000D\000i\000s\000p\000l\000a\000y\000E\000r\000r\000o\000r\000\040\000C\000l\000a\000s\000s\000\040\000R\000e\000f\000e\000r\000e\000n\000c\000e}{chapter.4}% 16
\BOOKMARK [2][-]{subsection.4.4.1}{\376\377\0004\000.\0004\000.\0001\000\040\000D\000e\000t\000a\000i\000l\000e\000d\000\040\000D\000e\000s\000c\000r\000i\000p\000t\000i\000o\000n}{section.4.4}% 17
\BOOKMARK [1][-]{section.4.5}{\376\377\0004\000.\0005\000\040\000I\000n\000s\000u\000f\000f\000i\000c\000i\000e\000n\000t\000B\000a\000l\000a\000n\000c\000e\000\040\000C\000l\000a\000s\000s\000\040\000R\000e\000f\000e\000r\000e\000n\000c\000e}{chapter.4}% 18
\BOOKMARK [2][-]{subsection.4.5.1}{\376\377\0004\000.\0005\000.\0001\000\040\000D\000e\000t\000a\000i\000l\000e\000d\000\040\000D\000e\000s\000c\000r\000i\000p\000t\000i\000o\000n}{section.4.5}% 19
\BOOKMARK [1][-]{section.4.6}{\376\377\0004\000.\0006\000\040\000I\000n\000v\000a\000l\000i\000d\000V\000a\000l\000u\000e\000\040\000C\000l\000a\000s\000s\000\040\000R\000e\000f\000e\000r\000e\000n\000c\000e}{chapter.4}% 20
\BOOKMARK [2][-]{subsection.4.6.1}{\376\377\0004\000.\0006\000.\0001\000\040\000D\000e\000t\000a\000i\000l\000e\000d\000\040\000D\000e\000s\000c\000r\000i\000p\000t\000i\000o\000n}{section.4.6}% 21
\BOOKMARK [1][-]{section.4.7}{\376\377\0004\000.\0007\000\040\000I\000V\000e\000n\000d\000i\000n\000g\000T\000y\000p\000e\000\040\000C\000l\000a\000s\000s\000\040\000R\000e\000f\000e\000r\000e\000n\000c\000e}{chapter.4}% 22
\BOOKMARK [2][-]{subsection.4.7.1}{\376\377\0004\000.\0007\000.\0001\000\040\000D\000e\000t\000a\000i\000l\000e\000d\000\040\000D\000e\000s\000c\000r\000i\000p\000t\000i\000o\000n}{section.4.7}% 23
\BOOKMARK [1][-]{section.4.8}{\376\377\0004\000.\0008\000\040\000M\000i\000s\000s\000i\000n\000g\000P\000r\000o\000d\000u\000c\000t\000\040\000C\000l\000a\000s\000s\000\040\000R\000e\000f\000e\000r\000e\000n\000c\000e}{chapter.4}% 24
\BOOKMARK [2][-]{subsection.4.8.1}{\376\377\0004\000.\0008\000.\0001\000\040\000D\000e\000t\000a\000i\000l\000e\000d\000\040\000D\000e\000s\000c\000r\000i\000p\000t\000i\000o\000n}{section.4.8}% 25
\BOOKMARK [1][-]{section.4.9}{\376\377\0004\000.\0009\000\040\000P\000r\000o\000d\000u\000c\000t\000\040\000C\000l\000a\000s\000s\000\040\000R\000e\000f\000e\000r\000e\000n\000c\000e}{chapter.4}% 26
\BOOKMARK [2][-]{subsection.4.9.1}{\376\377\0004\000.\0009\000.\0001\000\040\000C\000o\000n\000s\000t\000r\000u\000c\000t\000o\000r\000\040\000\046\000\040\000D\000e\000s\000t\000r\000u\000c\000t\000o\000r\000\040\000D\000o\000c\000u\000m\000e\000n\000t\000a\000t\000i\000o\000n}{section.4.9}% 27
\BOOKMARK [3][-]{subsubsection.4.9.1.1}{\376\377\0004\000.\0009\000.\0001\000.\0001\000\040\000P\000r\000o\000d\000u\000c\000t\000\050\000\051}{subsection.4.9.1}% 28
\BOOKMARK [2][-]{subsection.4.9.2}{\376\377\0004\000.\0009\000.\0002\000\040\000M\000e\000m\000b\000e\000r\000\040\000F\000u\000n\000c\000t\000i\000o\000n\000\040\000D\000o\000c\000u\000m\000e\000n\000t\000a\000t\000i\000o\000n}{section.4.9}% 29
\BOOKMARK [3][-]{subsubsection.4.9.2.1}{\376\377\0004\000.\0009\000.\0002\000.\0001\000\040\000g\000e\000t\000I\000D\000\050\000\051}{subsection.4.9.2}% 30
\BOOKMARK [3][-]{subsubsection.4.9.2.2}{\376\377\0004\000.\0009\000.\0002\000.\0002\000\040\000g\000e\000t\000I\000n\000f\000o\000\050\000\051}{subsection.4.9.2}% 31
\BOOKMARK [3][-]{subsubsection.4.9.2.3}{\376\377\0004\000.\0009\000.\0002\000.\0003\000\040\000g\000e\000t\000N\000a\000m\000e\000\050\000\051}{subsection.4.9.2}% 32
\BOOKMARK [3][-]{subsubsection.4.9.2.4}{\376\377\0004\000.\0009\000.\0002\000.\0004\000\040\000g\000e\000t\000N\000e\000x\000t\000I\000D\000\050\000\051}{subsection.4.9.2}% 33
\BOOKMARK [3][-]{subsubsection.4.9.2.5}{\376\377\0004\000.\0009\000.\0002\000.\0005\000\040\000g\000e\000t\000P\000r\000i\000c\000e\000\050\000\051}{subsection.4.9.2}% 34
\BOOKMARK [3][-]{subsubsection.4.9.2.6}{\376\377\0004\000.\0009\000.\0002\000.\0006\000\040\000g\000e\000t\000Q\000u\000a\000n\000t\000i\000t\000y\000\050\000\051}{subsection.4.9.2}% 35
\BOOKMARK [3][-]{subsubsection.4.9.2.7}{\376\377\0004\000.\0009\000.\0002\000.\0007\000\040\000s\000e\000t\000P\000r\000i\000c\000e\000\050\000\051}{subsection.4.9.2}% 36
\BOOKMARK [3][-]{subsubsection.4.9.2.8}{\376\377\0004\000.\0009\000.\0002\000.\0008\000\040\000s\000e\000t\000Q\000u\000a\000n\000t\000i\000t\000y\000\050\000\051}{subsection.4.9.2}% 37
\BOOKMARK [2][-]{subsection.4.9.3}{\376\377\0004\000.\0009\000.\0003\000\040\000F\000r\000i\000e\000n\000d\000s\000\040\000A\000n\000d\000\040\000R\000e\000l\000a\000t\000e\000d\000\040\000S\000y\000m\000b\000o\000l\000\040\000D\000o\000c\000u\000m\000e\000n\000t\000a\000t\000i\000o\000n}{section.4.9}% 38
\BOOKMARK [3][-]{subsubsection.4.9.3.1}{\376\377\0004\000.\0009\000.\0003\000.\0001\000\040\000o\000p\000e\000r\000a\000t\000o\000r\000<\000<}{subsection.4.9.3}% 39
\BOOKMARK [3][-]{subsubsection.4.9.3.2}{\376\377\0004\000.\0009\000.\0003\000.\0002\000\040\000o\000p\000e\000r\000a\000t\000o\000r\000>\000>}{subsection.4.9.3}% 40
\BOOKMARK [1][-]{section.4.10}{\376\377\0004\000.\0001\0000\000\040\000S\000n\000a\000c\000k\000M\000a\000c\000h\000i\000n\000e\000\040\000C\000l\000a\000s\000s\000\040\000R\000e\000f\000e\000r\000e\000n\000c\000e}{chapter.4}% 41
\BOOKMARK [2][-]{subsection.4.10.1}{\376\377\0004\000.\0001\0000\000.\0001\000\040\000D\000e\000t\000a\000i\000l\000e\000d\000\040\000D\000e\000s\000c\000r\000i\000p\000t\000i\000o\000n}{section.4.10}% 42
\BOOKMARK [2][-]{subsection.4.10.2}{\376\377\0004\000.\0001\0000\000.\0002\000\040\000M\000e\000m\000b\000e\000r\000\040\000F\000u\000n\000c\000t\000i\000o\000n\000\040\000D\000o\000c\000u\000m\000e\000n\000t\000a\000t\000i\000o\000n}{section.4.10}% 43
\BOOKMARK [3][-]{subsubsection.4.10.2.1}{\376\377\0004\000.\0001\0000\000.\0002\000.\0001\000\040\000d\000i\000s\000p\000l\000a\000y\000T\000y\000p\000e\000\050\000\051}{subsection.4.10.2}% 44
\BOOKMARK [1][-]{section.4.11}{\376\377\0004\000.\0001\0001\000\040\000V\000e\000n\000d\000i\000n\000g\000M\000a\000c\000h\000i\000n\000e\000\040\000C\000l\000a\000s\000s\000\040\000R\000e\000f\000e\000r\000e\000n\000c\000e}{chapter.4}% 45
\BOOKMARK [2][-]{subsection.4.11.1}{\376\377\0004\000.\0001\0001\000.\0001\000\040\000C\000o\000n\000s\000t\000r\000u\000c\000t\000o\000r\000\040\000\046\000\040\000D\000e\000s\000t\000r\000u\000c\000t\000o\000r\000\040\000D\000o\000c\000u\000m\000e\000n\000t\000a\000t\000i\000o\000n}{section.4.11}% 46
\BOOKMARK [3][-]{subsubsection.4.11.1.1}{\376\377\0004\000.\0001\0001\000.\0001\000.\0001\000\040\000V\000e\000n\000d\000i\000n\000g\000M\000a\000c\000h\000i\000n\000e\000\050\000\051}{subsection.4.11.1}% 47
\BOOKMARK [2][-]{subsection.4.11.2}{\376\377\0004\000.\0001\0001\000.\0002\000\040\000M\000e\000m\000b\000e\000r\000\040\000F\000u\000n\000c\000t\000i\000o\000n\000\040\000D\000o\000c\000u\000m\000e\000n\000t\000a\000t\000i\000o\000n}{section.4.11}% 48
\BOOKMARK [3][-]{subsubsection.4.11.2.1}{\376\377\0004\000.\0001\0001\000.\0002\000.\0001\000\040\000a\000d\000d\000P\000r\000o\000d\000u\000c\000t\000\050\000\051}{subsection.4.11.2}% 49
\BOOKMARK [3][-]{subsubsection.4.11.2.2}{\376\377\0004\000.\0001\0001\000.\0002\000.\0002\000\040\000d\000i\000s\000p\000l\000a\000y\000P\000r\000o\000d\000u\000c\000t\000s\000\050\000\051}{subsection.4.11.2}% 50
\BOOKMARK [3][-]{subsubsection.4.11.2.3}{\376\377\0004\000.\0001\0001\000.\0002\000.\0003\000\040\000g\000e\000t\000B\000a\000l\000a\000n\000c\000e\000\050\000\051}{subsection.4.11.2}% 51
\BOOKMARK [3][-]{subsubsection.4.11.2.4}{\376\377\0004\000.\0001\0001\000.\0002\000.\0004\000\040\000g\000e\000t\000M\000a\000c\000h\000i\000n\000e\000s\000C\000o\000u\000n\000t\000\050\000\051}{subsection.4.11.2}% 52
\BOOKMARK [3][-]{subsubsection.4.11.2.5}{\376\377\0004\000.\0001\0001\000.\0002\000.\0005\000\040\000g\000e\000t\000N\000a\000m\000e\000\050\000\051}{subsection.4.11.2}% 53
\BOOKMARK [3][-]{subsubsection.4.11.2.6}{\376\377\0004\000.\0001\0001\000.\0002\000.\0006\000\040\000g\000e\000t\000T\000y\000p\000e\000\050\000\051}{subsection.4.11.2}% 54
\BOOKMARK [3][-]{subsubsection.4.11.2.7}{\376\377\0004\000.\0001\0001\000.\0002\000.\0007\000\040\000i\000n\000s\000e\000r\000t\000M\000o\000n\000e\000y\000\050\000\051}{subsection.4.11.2}% 55
\BOOKMARK [3][-]{subsubsection.4.11.2.8}{\376\377\0004\000.\0001\0001\000.\0002\000.\0008\000\040\000p\000u\000r\000c\000h\000a\000s\000e\000P\000r\000o\000d\000u\000c\000t\000\050\000\051}{subsection.4.11.2}% 56
\BOOKMARK [3][-]{subsubsection.4.11.2.9}{\376\377\0004\000.\0001\0001\000.\0002\000.\0009\000\040\000s\000e\000t\000P\000r\000o\000d\000Q\000u\000a\000n\000t\000\050\000\051}{subsection.4.11.2}% 57
\BOOKMARK [3][-]{subsubsection.4.11.2.10}{\376\377\0004\000.\0001\0001\000.\0002\000.\0001\0000\000\040\000s\000e\000t\000T\000y\000p\000e\000\050\000\051}{subsection.4.11.2}% 58
\BOOKMARK [2][-]{subsection.4.11.3}{\376\377\0004\000.\0001\0001\000.\0003\000\040\000F\000r\000i\000e\000n\000d\000s\000\040\000A\000n\000d\000\040\000R\000e\000l\000a\000t\000e\000d\000\040\000S\000y\000m\000b\000o\000l\000\040\000D\000o\000c\000u\000m\000e\000n\000t\000a\000t\000i\000o\000n}{section.4.11}% 59
\BOOKMARK [3][-]{subsubsection.4.11.3.1}{\376\377\0004\000.\0001\0001\000.\0003\000.\0001\000\040\000o\000p\000e\000r\000a\000t\000o\000r\000<\000<}{subsection.4.11.3}% 60
\BOOKMARK [3][-]{subsubsection.4.11.3.2}{\376\377\0004\000.\0001\0001\000.\0003\000.\0002\000\040\000o\000p\000e\000r\000a\000t\000o\000r\000>\000>}{subsection.4.11.3}% 61
\BOOKMARK [0][-]{chapter.5}{\376\377\0005\000\040\000F\000i\000l\000e\000\040\000D\000o\000c\000u\000m\000e\000n\000t\000a\000t\000i\000o\000n}{}% 62
\BOOKMARK [1][-]{section.5.1}{\376\377\0005\000.\0001\000\040\000c\000u\000s\000t\000o\000m\000P\000a\000r\000a\000m\000.\000h\000\040\000F\000i\000l\000e\000\040\000R\000e\000f\000e\000r\000e\000n\000c\000e}{chapter.5}% 63
\BOOKMARK [2][-]{subsection.5.1.1}{\376\377\0005\000.\0001\000.\0001\000\040\000D\000e\000t\000a\000i\000l\000e\000d\000\040\000D\000e\000s\000c\000r\000i\000p\000t\000i\000o\000n}{section.5.1}% 64
\BOOKMARK [1][-]{section.5.2}{\376\377\0005\000.\0002\000\040\000c\000u\000s\000t\000o\000m\000P\000a\000r\000a\000m\000.\000h}{chapter.5}% 65
\BOOKMARK [1][-]{section.5.3}{\376\377\0005\000.\0003\000\040\000I\000n\000t\000e\000r\000f\000a\000c\000e\000.\000h\000\040\000F\000i\000l\000e\000\040\000R\000e\000f\000e\000r\000e\000n\000c\000e}{chapter.5}% 66
\BOOKMARK [2][-]{subsection.5.3.1}{\376\377\0005\000.\0003\000.\0001\000\040\000D\000e\000t\000a\000i\000l\000e\000d\000\040\000D\000e\000s\000c\000r\000i\000p\000t\000i\000o\000n}{section.5.3}% 67
\BOOKMARK [1][-]{section.5.4}{\376\377\0005\000.\0004\000\040\000I\000n\000t\000e\000r\000f\000a\000c\000e\000.\000h}{chapter.5}% 68
\BOOKMARK [1][-]{section.5.5}{\376\377\0005\000.\0005\000\040\000P\000r\000o\000d\000u\000c\000t\000.\000c\000p\000p\000\040\000F\000i\000l\000e\000\040\000R\000e\000f\000e\000r\000e\000n\000c\000e}{chapter.5}% 69
\BOOKMARK [2][-]{subsection.5.5.1}{\376\377\0005\000.\0005\000.\0001\000\040\000D\000e\000t\000a\000i\000l\000e\000d\000\040\000D\000e\000s\000c\000r\000i\000p\000t\000i\000o\000n}{section.5.5}% 70
\BOOKMARK [2][-]{subsection.5.5.2}{\376\377\0005\000.\0005\000.\0002\000\040\000F\000u\000n\000c\000t\000i\000o\000n\000\040\000D\000o\000c\000u\000m\000e\000n\000t\000a\000t\000i\000o\000n}{section.5.5}% 71
\BOOKMARK [3][-]{subsubsection.5.5.2.1}{\376\377\0005\000.\0005\000.\0002\000.\0001\000\040\000o\000p\000e\000r\000a\000t\000o\000r\000<\000<\000\050\000\051}{subsection.5.5.2}% 72
\BOOKMARK [3][-]{subsubsection.5.5.2.2}{\376\377\0005\000.\0005\000.\0002\000.\0002\000\040\000o\000p\000e\000r\000a\000t\000o\000r\000>\000>\000\050\000\051}{subsection.5.5.2}% 73
\BOOKMARK [1][-]{section.5.6}{\376\377\0005\000.\0006\000\040\000P\000r\000o\000d\000u\000c\000t\000.\000h\000\040\000F\000i\000l\000e\000\040\000R\000e\000f\000e\000r\000e\000n\000c\000e}{chapter.5}% 74
\BOOKMARK [2][-]{subsection.5.6.1}{\376\377\0005\000.\0006\000.\0001\000\040\000D\000e\000t\000a\000i\000l\000e\000d\000\040\000D\000e\000s\000c\000r\000i\000p\000t\000i\000o\000n}{section.5.6}% 75
\BOOKMARK [1][-]{section.5.7}{\376\377\0005\000.\0007\000\040\000P\000r\000o\000d\000u\000c\000t\000.\000h}{chapter.5}% 76
\BOOKMARK [1][-]{section.5.8}{\376\377\0005\000.\0008\000\040\000V\000e\000n\000d\000i\000n\000g\000M\000a\000c\000h\000i\000n\000e\000.\000c\000p\000p\000\040\000F\000i\000l\000e\000\040\000R\000e\000f\000e\000r\000e\000n\000c\000e}{chapter.5}% 77
\BOOKMARK [2][-]{subsection.5.8.1}{\376\377\0005\000.\0008\000.\0001\000\040\000D\000e\000t\000a\000i\000l\000e\000d\000\040\000D\000e\000s\000c\000r\000i\000p\000t\000i\000o\000n}{section.5.8}% 78
\BOOKMARK [2][-]{subsection.5.8.2}{\376\377\0005\000.\0008\000.\0002\000\040\000F\000u\000n\000c\000t\000i\000o\000n\000\040\000D\000o\000c\000u\000m\000e\000n\000t\000a\000t\000i\000o\000n}{section.5.8}% 79
\BOOKMARK [3][-]{subsubsection.5.8.2.1}{\376\377\0005\000.\0008\000.\0002\000.\0001\000\040\000o\000p\000e\000r\000a\000t\000o\000r\000<\000<\000\050\000\051}{subsection.5.8.2}% 80
\BOOKMARK [3][-]{subsubsection.5.8.2.2}{\376\377\0005\000.\0008\000.\0002\000.\0002\000\040\000o\000p\000e\000r\000a\000t\000o\000r\000>\000>\000\050\000\051}{subsection.5.8.2}% 81
\BOOKMARK [1][-]{section.5.9}{\376\377\0005\000.\0009\000\040\000V\000e\000n\000d\000i\000n\000g\000M\000a\000c\000h\000i\000n\000e\000.\000h\000\040\000F\000i\000l\000e\000\040\000R\000e\000f\000e\000r\000e\000n\000c\000e}{chapter.5}% 82
\BOOKMARK [2][-]{subsection.5.9.1}{\376\377\0005\000.\0009\000.\0001\000\040\000D\000e\000t\000a\000i\000l\000e\000d\000\040\000D\000e\000s\000c\000r\000i\000p\000t\000i\000o\000n}{section.5.9}% 83
\BOOKMARK [1][-]{section.5.10}{\376\377\0005\000.\0001\0000\000\040\000V\000e\000n\000d\000i\000n\000g\000M\000a\000c\000h\000i\000n\000e\000.\000h}{chapter.5}% 84
\BOOKMARK [0][-]{section*.32}{\376\377\000I\000n\000d\000e\000x}{}% 85
